c:\users\edde\desktop\source\repos\assignment1dsa\assignment1dsa\x64\debug\vc143.pdb
c:\users\edde\desktop\source\repos\assignment1dsa\assignment1dsa\x64\debug\vc143.idb
c:\users\edde\desktop\source\repos\assignment1dsa\assignment1dsa\x64\debug\source.obj
c:\users\edde\desktop\source\repos\assignment1dsa\assignment1dsa\x64\debug\confirmoperation.obj
c:\users\edde\desktop\source\repos\assignment1dsa\assignment1dsa\x64\debug\askpassword.obj
c:\users\edde\desktop\source\repos\assignment1dsa\assignment1dsa\x64\debug\setconsultation.obj
c:\users\edde\desktop\source\repos\assignment1dsa\assignment1dsa\x64\debug\lecturername.obj
c:\users\edde\desktop\source\repos\assignment1dsa\assignment1dsa\x64\debug\javier.obj
c:\users\edde\desktop\source\repos\assignment1dsa\x64\debug\assignment1dsa.pdb
c:\users\edde\desktop\source\repos\assignment1dsa\assignment1dsa\x64\debug\assignment1dsa.tlog\cl.command.1.tlog
c:\users\edde\desktop\source\repos\assignment1dsa\assignment1dsa\x64\debug\assignment1dsa.tlog\cl.read.1.tlog
c:\users\edde\desktop\source\repos\assignment1dsa\assignment1dsa\x64\debug\assignment1dsa.tlog\cl.write.1.tlog
c:\users\edde\desktop\source\repos\assignment1dsa\assignment1dsa\x64\debug\assignment1dsa.tlog\link-cvtres.read.1.tlog
c:\users\edde\desktop\source\repos\assignment1dsa\assignment1dsa\x64\debug\assignment1dsa.tlog\link-cvtres.write.1.tlog
c:\users\edde\desktop\source\repos\assignment1dsa\assignment1dsa\x64\debug\assignment1dsa.tlog\link-rc.read.1.tlog
c:\users\edde\desktop\source\repos\assignment1dsa\assignment1dsa\x64\debug\assignment1dsa.tlog\link-rc.write.1.tlog
c:\users\edde\desktop\source\repos\assignment1dsa\assignment1dsa\x64\debug\assignment1dsa.tlog\link.21616-cvtres.read.1.tlog
c:\users\edde\desktop\source\repos\assignment1dsa\assignment1dsa\x64\debug\assignment1dsa.tlog\link.21616-cvtres.write.1.tlog
c:\users\edde\desktop\source\repos\assignment1dsa\assignment1dsa\x64\debug\assignment1dsa.tlog\link.21616-rc.read.1.tlog
c:\users\edde\desktop\source\repos\assignment1dsa\assignment1dsa\x64\debug\assignment1dsa.tlog\link.21616-rc.write.1.tlog
c:\users\edde\desktop\source\repos\assignment1dsa\assignment1dsa\x64\debug\assignment1dsa.tlog\link.21616.read.1.tlog
c:\users\edde\desktop\source\repos\assignment1dsa\assignment1dsa\x64\debug\assignment1dsa.tlog\link.21616.read.2.tlog
c:\users\edde\desktop\source\repos\assignment1dsa\assignment1dsa\x64\debug\assignment1dsa.tlog\link.21616.write.1.tlog
c:\users\edde\desktop\source\repos\assignment1dsa\assignment1dsa\x64\debug\assignment1dsa.tlog\link.command.1.tlog
c:\users\edde\desktop\source\repos\assignment1dsa\assignment1dsa\x64\debug\assignment1dsa.tlog\link.read.1.tlog
c:\users\edde\desktop\source\repos\assignment1dsa\assignment1dsa\x64\debug\assignment1dsa.tlog\link.read.2.tlog
c:\users\edde\desktop\source\repos\assignment1dsa\assignment1dsa\x64\debug\assignment1dsa.tlog\link.write.1.tlog
